2024-11-28 19:26:16,384 - INFO - Starting the application... [in /Users/ubreglia/Desktop/veedeo/sam2seg/sam2segmentation.py:34]
2024-11-28 19:26:19,149 - INFO - Received request for /predict-frames [in /Users/ubreglia/Desktop/veedeo/sam2seg/sam2segmentation.py:194]
2024-11-28 19:26:19,152 - DEBUG - Temp directory created: /var/folders/5t/r3qv33fn5kqdhjg2r74tpl3m0000gp/T/tmpl1f0vh2x [in /Users/ubreglia/Desktop/veedeo/sam2seg/sam2segmentation.py:197]
2024-11-28 19:26:19,153 - INFO - File key received: video-3b47e52b-ce4e-4127-898b-0535a5c410f1 [in /Users/ubreglia/Desktop/veedeo/sam2seg/sam2segmentation.py:205]
2024-11-28 19:26:19,169 - DEBUG - Cloudflare video path: https://vvvdeo-bucket.9e4b2c37a64d67bc605113cf8d32a234.r2.cloudflarestorage.com/videos/video-3b47e52b-ce4e-4127-898b-0535a5c410f1?X-Amz-Algorithm=AWS4-HMAC-SHA256&X-Amz-Credential=c27f456a78a745f88e36bfa86dbf8d81%2F20241128%2Fauto%2Fs3%2Faws4_request&X-Amz-Date=20241128T182619Z&X-Amz-Expires=900&X-Amz-SignedHeaders=host&x-id=GetObject&X-Amz-Signature=65644f5759c9fdda63ded55a0cef3e72486dc161d61082659bc895fec3588135 [in /Users/ubreglia/Desktop/veedeo/sam2seg/sam2segmentation.py:208]
2024-11-28 19:26:19,380 - DEBUG - Local video path: /var/folders/5t/r3qv33fn5kqdhjg2r74tpl3m0000gp/T/tmpl1f0vh2x/downloaded_video.mp4 [in /Users/ubreglia/Desktop/veedeo/sam2seg/sam2segmentation.py:213]
2024-11-28 19:26:19,404 - DEBUG - Video info successfully retrieved [in /Users/ubreglia/Desktop/veedeo/sam2seg/sam2segmentation.py:218]
2024-11-28 19:26:19,684 - DEBUG - Frames extracted to: /var/folders/5t/r3qv33fn5kqdhjg2r74tpl3m0000gp/T/tmpl1f0vh2x/frames [in /Users/ubreglia/Desktop/veedeo/sam2seg/sam2segmentation.py:228]
2024-11-28 19:26:22,594 - INFO - Inference state initialized and reset [in /Users/ubreglia/Desktop/veedeo/sam2seg/sam2segmentation.py:234]
2024-11-28 19:26:22,594 - DEBUG - Request JSON: {'coordinates': [], 'labels': []} [in /Users/ubreglia/Desktop/veedeo/sam2seg/sam2segmentation.py:237]
2024-11-28 19:26:22,594 - WARNING - No overlay image provided [in /Users/ubreglia/Desktop/veedeo/sam2seg/sam2segmentation.py:247]
2024-11-28 19:26:22,600 - ERROR - Error occurred in /predict-frames [in /Users/ubreglia/Desktop/veedeo/sam2seg/sam2segmentation.py:269]
Traceback (most recent call last):
  File "/Users/ubreglia/Desktop/veedeo/sam2seg/sam2segmentation.py", line 250, in predict_frames
    for frame_idx, object_ids, mask_logits in predictor.propagate_in_video(inference_state):
  File "/Users/ubreglia/.pyenv/versions/3.10.15/lib/python3.10/site-packages/torch/utils/_contextlib.py", line 36, in generator_context
    response = gen.send(None)
  File "/Users/ubreglia/Desktop/veedeo/sam2seg/src/sam-2/sam2/sam2_video_predictor.py", line 679, in propagate_in_video
    raise RuntimeError("No points are provided; please add points first")
RuntimeError: No points are provided; please add points first
2024-11-28 19:26:33,940 - INFO - Received request for /predict-frames [in /Users/ubreglia/Desktop/veedeo/sam2seg/sam2segmentation.py:194]
2024-11-28 19:26:33,941 - DEBUG - Temp directory created: /var/folders/5t/r3qv33fn5kqdhjg2r74tpl3m0000gp/T/tmp8lom0k62 [in /Users/ubreglia/Desktop/veedeo/sam2seg/sam2segmentation.py:197]
2024-11-28 19:26:33,941 - INFO - File key received: video-3b47e52b-ce4e-4127-898b-0535a5c410f1 [in /Users/ubreglia/Desktop/veedeo/sam2seg/sam2segmentation.py:205]
2024-11-28 19:26:33,949 - DEBUG - Cloudflare video path: https://vvvdeo-bucket.9e4b2c37a64d67bc605113cf8d32a234.r2.cloudflarestorage.com/videos/video-3b47e52b-ce4e-4127-898b-0535a5c410f1?X-Amz-Algorithm=AWS4-HMAC-SHA256&X-Amz-Credential=c27f456a78a745f88e36bfa86dbf8d81%2F20241128%2Fauto%2Fs3%2Faws4_request&X-Amz-Date=20241128T182633Z&X-Amz-Expires=900&X-Amz-SignedHeaders=host&x-id=GetObject&X-Amz-Signature=2648bac40109db471a171bd8640f005f4f35be0cdc29b78f7320df57f41a1417 [in /Users/ubreglia/Desktop/veedeo/sam2seg/sam2segmentation.py:208]
2024-11-28 19:26:34,129 - DEBUG - Local video path: /var/folders/5t/r3qv33fn5kqdhjg2r74tpl3m0000gp/T/tmp8lom0k62/downloaded_video.mp4 [in /Users/ubreglia/Desktop/veedeo/sam2seg/sam2segmentation.py:213]
2024-11-28 19:26:34,156 - DEBUG - Video info successfully retrieved [in /Users/ubreglia/Desktop/veedeo/sam2seg/sam2segmentation.py:218]
2024-11-28 19:26:34,491 - DEBUG - Frames extracted to: /var/folders/5t/r3qv33fn5kqdhjg2r74tpl3m0000gp/T/tmp8lom0k62/frames [in /Users/ubreglia/Desktop/veedeo/sam2seg/sam2segmentation.py:228]
2024-11-28 19:26:37,316 - INFO - Inference state initialized and reset [in /Users/ubreglia/Desktop/veedeo/sam2seg/sam2segmentation.py:234]
2024-11-28 19:26:37,317 - DEBUG - Request JSON: {'coordinates': [{'x': 508.62616, 'y': 293.7016}], 'labels': [1]} [in /Users/ubreglia/Desktop/veedeo/sam2seg/sam2segmentation.py:237]
2024-11-28 19:26:37,318 - WARNING - No overlay image provided [in /Users/ubreglia/Desktop/veedeo/sam2seg/sam2segmentation.py:247]
2024-11-28 19:26:37,322 - ERROR - Error occurred in /predict-frames [in /Users/ubreglia/Desktop/veedeo/sam2seg/sam2segmentation.py:269]
Traceback (most recent call last):
  File "/Users/ubreglia/Desktop/veedeo/sam2seg/sam2segmentation.py", line 250, in predict_frames
    for frame_idx, object_ids, mask_logits in predictor.propagate_in_video(inference_state):
  File "/Users/ubreglia/.pyenv/versions/3.10.15/lib/python3.10/site-packages/torch/utils/_contextlib.py", line 36, in generator_context
    response = gen.send(None)
  File "/Users/ubreglia/Desktop/veedeo/sam2seg/src/sam-2/sam2/sam2_video_predictor.py", line 679, in propagate_in_video
    raise RuntimeError("No points are provided; please add points first")
RuntimeError: No points are provided; please add points first
2024-11-28 19:26:51,663 - INFO - Received request for /predict-frames [in /Users/ubreglia/Desktop/veedeo/sam2seg/sam2segmentation.py:194]
2024-11-28 19:26:51,664 - DEBUG - Temp directory created: /var/folders/5t/r3qv33fn5kqdhjg2r74tpl3m0000gp/T/tmpfj691wg9 [in /Users/ubreglia/Desktop/veedeo/sam2seg/sam2segmentation.py:197]
2024-11-28 19:26:51,666 - INFO - File key received: video-3b47e52b-ce4e-4127-898b-0535a5c410f1 [in /Users/ubreglia/Desktop/veedeo/sam2seg/sam2segmentation.py:205]
2024-11-28 19:26:51,678 - DEBUG - Cloudflare video path: https://vvvdeo-bucket.9e4b2c37a64d67bc605113cf8d32a234.r2.cloudflarestorage.com/videos/video-3b47e52b-ce4e-4127-898b-0535a5c410f1?X-Amz-Algorithm=AWS4-HMAC-SHA256&X-Amz-Credential=c27f456a78a745f88e36bfa86dbf8d81%2F20241128%2Fauto%2Fs3%2Faws4_request&X-Amz-Date=20241128T182651Z&X-Amz-Expires=900&X-Amz-SignedHeaders=host&x-id=GetObject&X-Amz-Signature=0a119501d973601ddf529aec413fd0b1eeebae032de9333bcf59b29cd63f8a0c [in /Users/ubreglia/Desktop/veedeo/sam2seg/sam2segmentation.py:208]
2024-11-28 19:26:51,864 - DEBUG - Local video path: /var/folders/5t/r3qv33fn5kqdhjg2r74tpl3m0000gp/T/tmpfj691wg9/downloaded_video.mp4 [in /Users/ubreglia/Desktop/veedeo/sam2seg/sam2segmentation.py:213]
2024-11-28 19:26:51,896 - DEBUG - Video info successfully retrieved [in /Users/ubreglia/Desktop/veedeo/sam2seg/sam2segmentation.py:218]
2024-11-28 19:26:52,295 - DEBUG - Frames extracted to: /var/folders/5t/r3qv33fn5kqdhjg2r74tpl3m0000gp/T/tmpfj691wg9/frames [in /Users/ubreglia/Desktop/veedeo/sam2seg/sam2segmentation.py:228]
2024-11-28 19:26:55,102 - INFO - Inference state initialized and reset [in /Users/ubreglia/Desktop/veedeo/sam2seg/sam2segmentation.py:234]
2024-11-28 19:26:55,103 - DEBUG - Request JSON: {'coordinates': [{'x': 508.62616, 'y': 293.7016}], 'labels': [1]} [in /Users/ubreglia/Desktop/veedeo/sam2seg/sam2segmentation.py:237]
2024-11-28 19:26:55,103 - INFO - Overlay image: falrepli.png [in /Users/ubreglia/Desktop/veedeo/sam2seg/sam2segmentation.py:245]
2024-11-28 19:26:55,107 - ERROR - Error occurred in /predict-frames [in /Users/ubreglia/Desktop/veedeo/sam2seg/sam2segmentation.py:269]
Traceback (most recent call last):
  File "/Users/ubreglia/Desktop/veedeo/sam2seg/sam2segmentation.py", line 250, in predict_frames
    for frame_idx, object_ids, mask_logits in predictor.propagate_in_video(inference_state):
  File "/Users/ubreglia/.pyenv/versions/3.10.15/lib/python3.10/site-packages/torch/utils/_contextlib.py", line 36, in generator_context
    response = gen.send(None)
  File "/Users/ubreglia/Desktop/veedeo/sam2seg/src/sam-2/sam2/sam2_video_predictor.py", line 679, in propagate_in_video
    raise RuntimeError("No points are provided; please add points first")
RuntimeError: No points are provided; please add points first
2024-11-29 15:11:53,619 - INFO - Starting the application... [in /Users/ubreglia/Desktop/veedeo/sam2seg/sam2segmentation.py:33]
2024-11-29 15:17:06,177 - DEBUG - Temp directory created: /var/folders/5t/r3qv33fn5kqdhjg2r74tpl3m0000gp/T/tmpgg6_ushv [in /Users/ubreglia/Desktop/veedeo/sam2seg/sam2segmentation.py:194]
2024-11-29 15:17:06,470 - DEBUG - Video info successfully retrieved [in /Users/ubreglia/Desktop/veedeo/sam2seg/sam2segmentation.py:208]
2024-11-29 15:17:10,197 - INFO - Inference state initialized and reset [in /Users/ubreglia/Desktop/veedeo/sam2seg/sam2segmentation.py:222]
2024-11-29 15:17:10,198 - DEBUG - Request JSON: {'coordinates': [{'x': 955.70013, 'y': 506.46786}], 'labels': [1]} [in /Users/ubreglia/Desktop/veedeo/sam2seg/sam2segmentation.py:225]
2024-11-29 15:17:10,198 - WARNING - No overlay image provided [in /Users/ubreglia/Desktop/veedeo/sam2seg/sam2segmentation.py:234]
2024-11-29 15:20:03,741 - INFO - Starting the application... [in /Users/ubreglia/Desktop/veedeo/sam2seg/sam2segmentation.py:33]
2024-11-29 15:20:10,801 - DEBUG - Temp directory created: /var/folders/5t/r3qv33fn5kqdhjg2r74tpl3m0000gp/T/tmp3cmpmzcg [in /Users/ubreglia/Desktop/veedeo/sam2seg/sam2segmentation.py:194]
2024-11-29 15:20:11,208 - DEBUG - Video info successfully retrieved [in /Users/ubreglia/Desktop/veedeo/sam2seg/sam2segmentation.py:208]
2024-11-29 15:20:14,873 - INFO - Inference state initialized and reset [in /Users/ubreglia/Desktop/veedeo/sam2seg/sam2segmentation.py:222]
2024-11-29 15:20:14,874 - DEBUG - Request JSON: {'coordinates': [{'x': 955.70013, 'y': 506.46786}], 'labels': [1]} [in /Users/ubreglia/Desktop/veedeo/sam2seg/sam2segmentation.py:225]
2024-11-29 15:20:14,874 - WARNING - No overlay image provided [in /Users/ubreglia/Desktop/veedeo/sam2seg/sam2segmentation.py:234]
2024-11-29 15:21:11,501 - INFO - Starting the application... [in /Users/ubreglia/Desktop/veedeo/sam2seg/sam2segmentation.py:33]
2024-11-29 15:21:13,297 - DEBUG - Temp directory created: /var/folders/5t/r3qv33fn5kqdhjg2r74tpl3m0000gp/T/tmpb1w48hns [in /Users/ubreglia/Desktop/veedeo/sam2seg/sam2segmentation.py:194]
2024-11-29 15:21:13,537 - DEBUG - Video info successfully retrieved [in /Users/ubreglia/Desktop/veedeo/sam2seg/sam2segmentation.py:208]
2024-11-29 15:21:17,169 - INFO - Inference state initialized and reset [in /Users/ubreglia/Desktop/veedeo/sam2seg/sam2segmentation.py:222]
2024-11-29 15:21:17,170 - DEBUG - Request JSON: {'coordinates': [{'x': 955.70013, 'y': 506.46786}], 'labels': [1]} [in /Users/ubreglia/Desktop/veedeo/sam2seg/sam2segmentation.py:225]
2024-11-29 15:21:17,170 - WARNING - No overlay image provided [in /Users/ubreglia/Desktop/veedeo/sam2seg/sam2segmentation.py:234]
2024-11-29 15:22:02,521 - INFO - Starting the application... [in /Users/ubreglia/Desktop/veedeo/sam2seg/sam2segmentation.py:33]
2024-11-29 15:22:03,928 - DEBUG - Temp directory created: /var/folders/5t/r3qv33fn5kqdhjg2r74tpl3m0000gp/T/tmpjl936v0m [in /Users/ubreglia/Desktop/veedeo/sam2seg/sam2segmentation.py:194]
2024-11-29 15:22:04,175 - DEBUG - Video info successfully retrieved [in /Users/ubreglia/Desktop/veedeo/sam2seg/sam2segmentation.py:208]
2024-11-29 15:22:08,081 - INFO - Inference state initialized and reset [in /Users/ubreglia/Desktop/veedeo/sam2seg/sam2segmentation.py:222]
2024-11-29 15:22:08,082 - DEBUG - Request JSON: {'coordinates': [{'x': 955.70013, 'y': 506.46786}], 'labels': [1]} [in /Users/ubreglia/Desktop/veedeo/sam2seg/sam2segmentation.py:225]
2024-11-29 15:22:08,083 - WARNING - No overlay image provided [in /Users/ubreglia/Desktop/veedeo/sam2seg/sam2segmentation.py:234]
2024-11-29 15:22:08,083 - INFO - YOOOOOOOOOOOOOOO [in /Users/ubreglia/Desktop/veedeo/sam2seg/sam2segmentation.py:250]
2024-11-29 15:22:27,534 - INFO - Starting the application... [in /Users/ubreglia/Desktop/veedeo/sam2seg/sam2segmentation.py:33]
2024-11-29 15:22:28,927 - DEBUG - Temp directory created: /var/folders/5t/r3qv33fn5kqdhjg2r74tpl3m0000gp/T/tmps0s92ef1 [in /Users/ubreglia/Desktop/veedeo/sam2seg/sam2segmentation.py:194]
2024-11-29 15:22:29,171 - DEBUG - Video info successfully retrieved [in /Users/ubreglia/Desktop/veedeo/sam2seg/sam2segmentation.py:208]
2024-11-29 15:22:32,875 - INFO - Inference state initialized and reset [in /Users/ubreglia/Desktop/veedeo/sam2seg/sam2segmentation.py:222]
2024-11-29 15:22:32,876 - DEBUG - Request JSON: {'coordinates': [{'x': 955.70013, 'y': 506.46786}], 'labels': [1]} [in /Users/ubreglia/Desktop/veedeo/sam2seg/sam2segmentation.py:225]
2024-11-29 15:22:32,876 - WARNING - No overlay image provided [in /Users/ubreglia/Desktop/veedeo/sam2seg/sam2segmentation.py:234]
2024-11-29 15:22:32,954 - INFO - YOOOOOOOOOOOOOOO [in /Users/ubreglia/Desktop/veedeo/sam2seg/sam2segmentation.py:260]
2024-11-29 15:23:08,114 - INFO - Starting the application... [in /Users/ubreglia/Desktop/veedeo/sam2seg/sam2segmentation.py:33]
2024-11-29 15:23:10,069 - DEBUG - Temp directory created: /var/folders/5t/r3qv33fn5kqdhjg2r74tpl3m0000gp/T/tmpa_ddff_t [in /Users/ubreglia/Desktop/veedeo/sam2seg/sam2segmentation.py:194]
2024-11-29 15:23:10,328 - DEBUG - Video info successfully retrieved [in /Users/ubreglia/Desktop/veedeo/sam2seg/sam2segmentation.py:208]
2024-11-29 15:23:14,095 - INFO - Inference state initialized and reset [in /Users/ubreglia/Desktop/veedeo/sam2seg/sam2segmentation.py:222]
2024-11-29 15:23:14,096 - DEBUG - Request JSON: {'coordinates': [{'x': 955.70013, 'y': 506.46786}], 'labels': [1]} [in /Users/ubreglia/Desktop/veedeo/sam2seg/sam2segmentation.py:225]
2024-11-29 15:23:14,096 - WARNING - No overlay image provided [in /Users/ubreglia/Desktop/veedeo/sam2seg/sam2segmentation.py:234]
2024-11-29 15:23:14,171 - INFO - YOOOOOOOOOOOOOOO [in /Users/ubreglia/Desktop/veedeo/sam2seg/sam2segmentation.py:267]
2024-11-29 15:23:14,171 - INFO - AAAAAAAAAAAAAAAAA [in /Users/ubreglia/Desktop/veedeo/sam2seg/sam2segmentation.py:273]
2024-11-29 15:23:49,860 - INFO - Starting the application... [in /Users/ubreglia/Desktop/veedeo/sam2seg/sam2segmentation.py:33]
2024-11-29 15:23:53,414 - DEBUG - Temp directory created: /var/folders/5t/r3qv33fn5kqdhjg2r74tpl3m0000gp/T/tmpgywqai92 [in /Users/ubreglia/Desktop/veedeo/sam2seg/sam2segmentation.py:194]
2024-11-29 15:23:53,653 - DEBUG - Video info successfully retrieved [in /Users/ubreglia/Desktop/veedeo/sam2seg/sam2segmentation.py:208]
2024-11-29 15:23:57,321 - INFO - Inference state initialized and reset [in /Users/ubreglia/Desktop/veedeo/sam2seg/sam2segmentation.py:222]
2024-11-29 15:23:57,323 - DEBUG - Request JSON: {'coordinates': [{'x': 955.70013, 'y': 506.46786}], 'labels': [1]} [in /Users/ubreglia/Desktop/veedeo/sam2seg/sam2segmentation.py:225]
2024-11-29 15:23:57,324 - WARNING - No overlay image provided [in /Users/ubreglia/Desktop/veedeo/sam2seg/sam2segmentation.py:234]
2024-11-29 15:24:51,339 - INFO - Starting the application... [in /Users/ubreglia/Desktop/veedeo/sam2seg/sam2segmentation.py:33]
2024-11-29 15:24:53,070 - DEBUG - Temp directory created: /var/folders/5t/r3qv33fn5kqdhjg2r74tpl3m0000gp/T/tmpkq2ra9qv [in /Users/ubreglia/Desktop/veedeo/sam2seg/sam2segmentation.py:194]
2024-11-29 15:24:53,440 - DEBUG - Video info successfully retrieved [in /Users/ubreglia/Desktop/veedeo/sam2seg/sam2segmentation.py:208]
2024-11-29 15:24:57,314 - INFO - Inference state initialized and reset [in /Users/ubreglia/Desktop/veedeo/sam2seg/sam2segmentation.py:222]
2024-11-29 15:24:57,315 - DEBUG - Request JSON: {'coordinates': [{'x': 955.70013, 'y': 506.46786}], 'labels': [1]} [in /Users/ubreglia/Desktop/veedeo/sam2seg/sam2segmentation.py:225]
2024-11-29 15:24:57,315 - WARNING - No overlay image provided [in /Users/ubreglia/Desktop/veedeo/sam2seg/sam2segmentation.py:234]
2024-11-29 15:24:57,382 - INFO - Overlay image name:  [in /Users/ubreglia/Desktop/veedeo/sam2seg/sam2segmentation.py:271]
2024-11-29 15:25:38,687 - INFO - Starting the application... [in /Users/ubreglia/Desktop/veedeo/sam2seg/sam2segmentation.py:33]
2024-11-29 15:25:48,204 - INFO - Starting the application... [in /Users/ubreglia/Desktop/veedeo/sam2seg/sam2segmentation.py:33]
2024-11-29 15:25:51,659 - DEBUG - Temp directory created: /var/folders/5t/r3qv33fn5kqdhjg2r74tpl3m0000gp/T/tmpr_a387kf [in /Users/ubreglia/Desktop/veedeo/sam2seg/sam2segmentation.py:194]
2024-11-29 15:25:52,004 - DEBUG - Video info successfully retrieved [in /Users/ubreglia/Desktop/veedeo/sam2seg/sam2segmentation.py:208]
2024-11-29 15:25:55,961 - INFO - Inference state initialized and reset [in /Users/ubreglia/Desktop/veedeo/sam2seg/sam2segmentation.py:222]
2024-11-29 15:25:55,962 - DEBUG - Request JSON: {'coordinates': [{'x': 955.70013, 'y': 506.46786}], 'labels': [1]} [in /Users/ubreglia/Desktop/veedeo/sam2seg/sam2segmentation.py:225]
2024-11-29 15:25:55,963 - WARNING - No overlay image provided [in /Users/ubreglia/Desktop/veedeo/sam2seg/sam2segmentation.py:234]
2024-11-29 15:25:56,050 - INFO - Logo image loaded and prepared. [in /Users/ubreglia/Desktop/veedeo/sam2seg/sam2segmentation.py:281]
2024-11-29 15:25:56,051 - INFO - Video propagation and sinking starting soon. [in /Users/ubreglia/Desktop/veedeo/sam2seg/sam2segmentation.py:283]
2024-11-29 15:25:56,323 - INFO - Processing frame: 0 [in /Users/ubreglia/Desktop/veedeo/sam2seg/sam2segmentation.py:286]
2024-11-29 15:25:58,847 - INFO - Processing frame: 1 [in /Users/ubreglia/Desktop/veedeo/sam2seg/sam2segmentation.py:286]
2024-11-29 15:26:01,593 - INFO - Processing frame: 2 [in /Users/ubreglia/Desktop/veedeo/sam2seg/sam2segmentation.py:286]
2024-11-29 15:26:04,279 - INFO - Processing frame: 3 [in /Users/ubreglia/Desktop/veedeo/sam2seg/sam2segmentation.py:286]
2024-11-29 15:26:07,695 - INFO - Processing frame: 4 [in /Users/ubreglia/Desktop/veedeo/sam2seg/sam2segmentation.py:286]
2024-11-29 15:26:11,105 - INFO - Processing frame: 5 [in /Users/ubreglia/Desktop/veedeo/sam2seg/sam2segmentation.py:286]
2024-11-29 15:26:14,466 - INFO - Processing frame: 6 [in /Users/ubreglia/Desktop/veedeo/sam2seg/sam2segmentation.py:286]
2024-11-29 15:26:17,663 - INFO - Processing frame: 7 [in /Users/ubreglia/Desktop/veedeo/sam2seg/sam2segmentation.py:286]
2024-11-29 15:26:21,202 - INFO - Processing frame: 8 [in /Users/ubreglia/Desktop/veedeo/sam2seg/sam2segmentation.py:286]
2024-11-29 15:26:26,857 - INFO - Processing frame: 9 [in /Users/ubreglia/Desktop/veedeo/sam2seg/sam2segmentation.py:286]
2024-11-29 15:26:31,103 - INFO - Processing frame: 10 [in /Users/ubreglia/Desktop/veedeo/sam2seg/sam2segmentation.py:286]
2024-11-29 15:26:34,621 - INFO - Processing frame: 11 [in /Users/ubreglia/Desktop/veedeo/sam2seg/sam2segmentation.py:286]
2024-11-29 15:26:37,723 - INFO - Processing frame: 12 [in /Users/ubreglia/Desktop/veedeo/sam2seg/sam2segmentation.py:286]
2024-11-29 15:26:41,025 - INFO - Processing frame: 13 [in /Users/ubreglia/Desktop/veedeo/sam2seg/sam2segmentation.py:286]
2024-11-29 15:26:44,372 - INFO - Processing frame: 14 [in /Users/ubreglia/Desktop/veedeo/sam2seg/sam2segmentation.py:286]
2024-11-29 15:26:48,270 - INFO - Processing frame: 15 [in /Users/ubreglia/Desktop/veedeo/sam2seg/sam2segmentation.py:286]
2024-11-29 15:26:51,897 - INFO - Processing frame: 16 [in /Users/ubreglia/Desktop/veedeo/sam2seg/sam2segmentation.py:286]
2024-11-29 15:26:55,717 - INFO - Processing frame: 17 [in /Users/ubreglia/Desktop/veedeo/sam2seg/sam2segmentation.py:286]
2024-11-29 15:26:59,096 - INFO - Processing frame: 18 [in /Users/ubreglia/Desktop/veedeo/sam2seg/sam2segmentation.py:286]
2024-11-29 15:27:02,264 - INFO - Processing frame: 19 [in /Users/ubreglia/Desktop/veedeo/sam2seg/sam2segmentation.py:286]
2024-11-29 15:27:05,733 - INFO - Processing frame: 20 [in /Users/ubreglia/Desktop/veedeo/sam2seg/sam2segmentation.py:286]
2024-11-29 15:27:09,160 - INFO - Processing frame: 21 [in /Users/ubreglia/Desktop/veedeo/sam2seg/sam2segmentation.py:286]
2024-11-29 15:27:12,240 - INFO - Processing frame: 22 [in /Users/ubreglia/Desktop/veedeo/sam2seg/sam2segmentation.py:286]
2024-11-29 15:27:15,278 - INFO - Processing frame: 23 [in /Users/ubreglia/Desktop/veedeo/sam2seg/sam2segmentation.py:286]
2024-11-29 15:27:18,362 - INFO - Processing frame: 24 [in /Users/ubreglia/Desktop/veedeo/sam2seg/sam2segmentation.py:286]
2024-11-29 15:27:21,403 - INFO - Processing frame: 25 [in /Users/ubreglia/Desktop/veedeo/sam2seg/sam2segmentation.py:286]
2024-11-29 15:27:24,522 - INFO - Processing frame: 26 [in /Users/ubreglia/Desktop/veedeo/sam2seg/sam2segmentation.py:286]
2024-11-29 15:27:27,794 - INFO - Processing frame: 27 [in /Users/ubreglia/Desktop/veedeo/sam2seg/sam2segmentation.py:286]
2024-11-29 15:27:30,993 - INFO - Processing frame: 28 [in /Users/ubreglia/Desktop/veedeo/sam2seg/sam2segmentation.py:286]
2024-11-29 15:27:34,013 - INFO - Processing frame: 29 [in /Users/ubreglia/Desktop/veedeo/sam2seg/sam2segmentation.py:286]
2024-11-29 15:27:37,030 - INFO - Processing frame: 30 [in /Users/ubreglia/Desktop/veedeo/sam2seg/sam2segmentation.py:286]
2024-11-29 15:27:40,192 - INFO - Processing frame: 31 [in /Users/ubreglia/Desktop/veedeo/sam2seg/sam2segmentation.py:286]
2024-11-29 15:27:43,176 - INFO - Processing frame: 32 [in /Users/ubreglia/Desktop/veedeo/sam2seg/sam2segmentation.py:286]
2024-11-29 15:27:46,392 - INFO - Processing frame: 33 [in /Users/ubreglia/Desktop/veedeo/sam2seg/sam2segmentation.py:286]
2024-11-29 15:27:50,011 - INFO - Processing frame: 34 [in /Users/ubreglia/Desktop/veedeo/sam2seg/sam2segmentation.py:286]
2024-11-29 15:27:53,107 - INFO - Processing frame: 35 [in /Users/ubreglia/Desktop/veedeo/sam2seg/sam2segmentation.py:286]
2024-11-29 15:27:56,082 - INFO - Processing frame: 36 [in /Users/ubreglia/Desktop/veedeo/sam2seg/sam2segmentation.py:286]
2024-11-29 15:27:58,997 - INFO - Processing frame: 37 [in /Users/ubreglia/Desktop/veedeo/sam2seg/sam2segmentation.py:286]
2024-11-29 15:28:02,005 - INFO - Processing frame: 38 [in /Users/ubreglia/Desktop/veedeo/sam2seg/sam2segmentation.py:286]
2024-11-29 15:28:05,443 - INFO - Processing frame: 39 [in /Users/ubreglia/Desktop/veedeo/sam2seg/sam2segmentation.py:286]
2024-11-29 15:28:08,496 - INFO - Processing frame: 40 [in /Users/ubreglia/Desktop/veedeo/sam2seg/sam2segmentation.py:286]
2024-11-29 15:28:11,658 - INFO - Processing frame: 41 [in /Users/ubreglia/Desktop/veedeo/sam2seg/sam2segmentation.py:286]
2024-11-29 15:28:14,506 - INFO - Processing frame: 42 [in /Users/ubreglia/Desktop/veedeo/sam2seg/sam2segmentation.py:286]
2024-11-29 15:28:17,688 - INFO - Processing frame: 43 [in /Users/ubreglia/Desktop/veedeo/sam2seg/sam2segmentation.py:286]
2024-11-29 15:28:21,060 - INFO - Processing frame: 44 [in /Users/ubreglia/Desktop/veedeo/sam2seg/sam2segmentation.py:286]
2024-11-29 15:28:24,212 - INFO - Processing frame: 45 [in /Users/ubreglia/Desktop/veedeo/sam2seg/sam2segmentation.py:286]
2024-11-29 15:28:27,581 - INFO - Processing frame: 46 [in /Users/ubreglia/Desktop/veedeo/sam2seg/sam2segmentation.py:286]
2024-11-29 15:28:30,674 - INFO - Processing frame: 47 [in /Users/ubreglia/Desktop/veedeo/sam2seg/sam2segmentation.py:286]
2024-11-29 15:28:34,080 - INFO - Processing frame: 48 [in /Users/ubreglia/Desktop/veedeo/sam2seg/sam2segmentation.py:286]
2024-11-29 15:28:37,113 - INFO - Processing frame: 49 [in /Users/ubreglia/Desktop/veedeo/sam2seg/sam2segmentation.py:286]
2024-11-29 15:28:40,134 - INFO - Processing frame: 50 [in /Users/ubreglia/Desktop/veedeo/sam2seg/sam2segmentation.py:286]
2024-11-29 15:28:43,191 - INFO - Processing frame: 51 [in /Users/ubreglia/Desktop/veedeo/sam2seg/sam2segmentation.py:286]
2024-11-29 15:28:46,121 - INFO - Processing frame: 52 [in /Users/ubreglia/Desktop/veedeo/sam2seg/sam2segmentation.py:286]
2024-11-29 15:28:49,145 - INFO - Processing frame: 53 [in /Users/ubreglia/Desktop/veedeo/sam2seg/sam2segmentation.py:286]
2024-11-29 15:28:52,039 - INFO - Processing frame: 54 [in /Users/ubreglia/Desktop/veedeo/sam2seg/sam2segmentation.py:286]
2024-11-29 15:28:54,862 - INFO - Processing frame: 55 [in /Users/ubreglia/Desktop/veedeo/sam2seg/sam2segmentation.py:286]
2024-11-29 15:28:57,896 - INFO - Processing frame: 56 [in /Users/ubreglia/Desktop/veedeo/sam2seg/sam2segmentation.py:286]
2024-11-29 15:29:00,889 - INFO - Processing frame: 57 [in /Users/ubreglia/Desktop/veedeo/sam2seg/sam2segmentation.py:286]
2024-11-29 15:29:00,918 - INFO - Video propagation successful. [in /Users/ubreglia/Desktop/veedeo/sam2seg/sam2segmentation.py:313]
